This is pdfTeX, Version 3.14159265-2.6-1.40.16 (TeX Live 2015/Debian) (preloaded format=pdflatex 2018.1.8)  18 AUG 2018 21:12
entering extended mode
 restricted \write18 enabled.
 file:line:error style messages enabled.
 %&-line parsing enabled.
**Memoria.tex
(./Memoria.tex
LaTeX2e <2016/02/01>
Babel <3.9q> and hyphenation patterns for 81 language(s) loaded.
(/usr/share/texlive/texmf-dist/tex/latex/base/article.cls
Document Class: article 2014/09/29 v1.4h Standard LaTeX document class
(/usr/share/texlive/texmf-dist/tex/latex/base/size10.clo
File: size10.clo 2014/09/29 v1.4h Standard LaTeX file (size option)
)
\c@part=\count79
\c@section=\count80
\c@subsection=\count81
\c@subsubsection=\count82
\c@paragraph=\count83
\c@subparagraph=\count84
\c@figure=\count85
\c@table=\count86
\abovecaptionskip=\skip41
\belowcaptionskip=\skip42
\bibindent=\dimen102
)
(/usr/share/texlive/texmf-dist/tex/latex/base/fontenc.sty
Package: fontenc 2005/09/27 v1.99g Standard LaTeX package

(/usr/share/texlive/texmf-dist/tex/latex/base/t1enc.def
File: t1enc.def 2005/09/27 v1.99g Standard LaTeX file
LaTeX Font Info:    Redeclaring font encoding T1 on input line 48.
))
(/usr/share/texlive/texmf-dist/tex/latex/base/inputenc.sty
Package: inputenc 2015/03/17 v1.2c Input encoding file
\inpenc@prehook=\toks14
\inpenc@posthook=\toks15

(/usr/share/texlive/texmf-dist/tex/latex/base/utf8.def
File: utf8.def 2015/12/03 v1.1r UTF-8 support for inputenc
Now handling font encoding OML ...
... no UTF-8 mapping file for font encoding OML
Now handling font encoding T1 ...
... processing UTF-8 mapping file for font encoding T1

(/usr/share/texlive/texmf-dist/tex/latex/base/t1enc.dfu
File: t1enc.dfu 2015/12/03 v1.1r UTF-8 support for inputenc
   defining Unicode char U+00A0 (decimal 160)
   defining Unicode char U+00A1 (decimal 161)
   defining Unicode char U+00A3 (decimal 163)
   defining Unicode char U+00AB (decimal 171)
   defining Unicode char U+00AD (decimal 173)
   defining Unicode char U+00BB (decimal 187)
   defining Unicode char U+00BF (decimal 191)
   defining Unicode char U+00C0 (decimal 192)
   defining Unicode char U+00C1 (decimal 193)
   defining Unicode char U+00C2 (decimal 194)
   defining Unicode char U+00C3 (decimal 195)
   defining Unicode char U+00C4 (decimal 196)
   defining Unicode char U+00C5 (decimal 197)
   defining Unicode char U+00C6 (decimal 198)
   defining Unicode char U+00C7 (decimal 199)
   defining Unicode char U+00C8 (decimal 200)
   defining Unicode char U+00C9 (decimal 201)
   defining Unicode char U+00CA (decimal 202)
   defining Unicode char U+00CB (decimal 203)
   defining Unicode char U+00CC (decimal 204)
   defining Unicode char U+00CD (decimal 205)
   defining Unicode char U+00CE (decimal 206)
   defining Unicode char U+00CF (decimal 207)
   defining Unicode char U+00D0 (decimal 208)
   defining Unicode char U+00D1 (decimal 209)
   defining Unicode char U+00D2 (decimal 210)
   defining Unicode char U+00D3 (decimal 211)
   defining Unicode char U+00D4 (decimal 212)
   defining Unicode char U+00D5 (decimal 213)
   defining Unicode char U+00D6 (decimal 214)
   defining Unicode char U+00D8 (decimal 216)
   defining Unicode char U+00D9 (decimal 217)
   defining Unicode char U+00DA (decimal 218)
   defining Unicode char U+00DB (decimal 219)
   defining Unicode char U+00DC (decimal 220)
   defining Unicode char U+00DD (decimal 221)
   defining Unicode char U+00DE (decimal 222)
   defining Unicode char U+00DF (decimal 223)
   defining Unicode char U+00E0 (decimal 224)
   defining Unicode char U+00E1 (decimal 225)
   defining Unicode char U+00E2 (decimal 226)
   defining Unicode char U+00E3 (decimal 227)
   defining Unicode char U+00E4 (decimal 228)
   defining Unicode char U+00E5 (decimal 229)
   defining Unicode char U+00E6 (decimal 230)
   defining Unicode char U+00E7 (decimal 231)
   defining Unicode char U+00E8 (decimal 232)
   defining Unicode char U+00E9 (decimal 233)
   defining Unicode char U+00EA (decimal 234)
   defining Unicode char U+00EB (decimal 235)
   defining Unicode char U+00EC (decimal 236)
   defining Unicode char U+00ED (decimal 237)
   defining Unicode char U+00EE (decimal 238)
   defining Unicode char U+00EF (decimal 239)
   defining Unicode char U+00F0 (decimal 240)
   defining Unicode char U+00F1 (decimal 241)
   defining Unicode char U+00F2 (decimal 242)
   defining Unicode char U+00F3 (decimal 243)
   defining Unicode char U+00F4 (decimal 244)
   defining Unicode char U+00F5 (decimal 245)
   defining Unicode char U+00F6 (decimal 246)
   defining Unicode char U+00F8 (decimal 248)
   defining Unicode char U+00F9 (decimal 249)
   defining Unicode char U+00FA (decimal 250)
   defining Unicode char U+00FB (decimal 251)
   defining Unicode char U+00FC (decimal 252)
   defining Unicode char U+00FD (decimal 253)
   defining Unicode char U+00FE (decimal 254)
   defining Unicode char U+00FF (decimal 255)
   defining Unicode char U+0100 (decimal 256)
   defining Unicode char U+0101 (decimal 257)
   defining Unicode char U+0102 (decimal 258)
   defining Unicode char U+0103 (decimal 259)
   defining Unicode char U+0104 (decimal 260)
   defining Unicode char U+0105 (decimal 261)
   defining Unicode char U+0106 (decimal 262)
   defining Unicode char U+0107 (decimal 263)
   defining Unicode char U+0108 (decimal 264)
   defining Unicode char U+0109 (decimal 265)
   defining Unicode char U+010A (decimal 266)
   defining Unicode char U+010B (decimal 267)
   defining Unicode char U+010C (decimal 268)
   defining Unicode char U+010D (decimal 269)
   defining Unicode char U+010E (decimal 270)
   defining Unicode char U+010F (decimal 271)
   defining Unicode char U+0110 (decimal 272)
   defining Unicode char U+0111 (decimal 273)
   defining Unicode char U+0112 (decimal 274)
   defining Unicode char U+0113 (decimal 275)
   defining Unicode char U+0114 (decimal 276)
   defining Unicode char U+0115 (decimal 277)
   defining Unicode char U+0116 (decimal 278)
   defining Unicode char U+0117 (decimal 279)
   defining Unicode char U+0118 (decimal 280)
   defining Unicode char U+0119 (decimal 281)
   defining Unicode char U+011A (decimal 282)
   defining Unicode char U+011B (decimal 283)
   defining Unicode char U+011C (decimal 284)
   defining Unicode char U+011D (decimal 285)
   defining Unicode char U+011E (decimal 286)
   defining Unicode char U+011F (decimal 287)
   defining Unicode char U+0120 (decimal 288)
   defining Unicode char U+0121 (decimal 289)
   defining Unicode char U+0122 (decimal 290)
   defining Unicode char U+0123 (decimal 291)
   defining Unicode char U+0124 (decimal 292)
   defining Unicode char U+0125 (decimal 293)
   defining Unicode char U+0128 (decimal 296)
   defining Unicode char U+0129 (decimal 297)
   defining Unicode char U+012A (decimal 298)
   defining Unicode char U+012B (decimal 299)
   defining Unicode char U+012C (decimal 300)
   defining Unicode char U+012D (decimal 301)
   defining Unicode char U+012E (decimal 302)
   defining Unicode char U+012F (decimal 303)
   defining Unicode char U+0130 (decimal 304)
   defining Unicode char U+0131 (decimal 305)
   defining Unicode char U+0132 (decimal 306)
   defining Unicode char U+0133 (decimal 307)
   defining Unicode char U+0134 (decimal 308)
   defining Unicode char U+0135 (decimal 309)
   defining Unicode char U+0136 (decimal 310)
   defining Unicode char U+0137 (decimal 311)
   defining Unicode char U+0139 (decimal 313)
   defining Unicode char U+013A (decimal 314)
   defining Unicode char U+013B (decimal 315)
   defining Unicode char U+013C (decimal 316)
   defining Unicode char U+013D (decimal 317)
   defining Unicode char U+013E (decimal 318)
   defining Unicode char U+0141 (decimal 321)
   defining Unicode char U+0142 (decimal 322)
   defining Unicode char U+0143 (decimal 323)
   defining Unicode char U+0144 (decimal 324)
   defining Unicode char U+0145 (decimal 325)
   defining Unicode char U+0146 (decimal 326)
   defining Unicode char U+0147 (decimal 327)
   defining Unicode char U+0148 (decimal 328)
   defining Unicode char U+014A (decimal 330)
   defining Unicode char U+014B (decimal 331)
   defining Unicode char U+014C (decimal 332)
   defining Unicode char U+014D (decimal 333)
   defining Unicode char U+014E (decimal 334)
   defining Unicode char U+014F (decimal 335)
   defining Unicode char U+0150 (decimal 336)
   defining Unicode char U+0151 (decimal 337)
   defining Unicode char U+0152 (decimal 338)
   defining Unicode char U+0153 (decimal 339)
   defining Unicode char U+0154 (decimal 340)
   defining Unicode char U+0155 (decimal 341)
   defining Unicode char U+0156 (decimal 342)
   defining Unicode char U+0157 (decimal 343)
   defining Unicode char U+0158 (decimal 344)
   defining Unicode char U+0159 (decimal 345)
   defining Unicode char U+015A (decimal 346)
   defining Unicode char U+015B (decimal 347)
   defining Unicode char U+015C (decimal 348)
   defining Unicode char U+015D (decimal 349)
   defining Unicode char U+015E (decimal 350)
   defining Unicode char U+015F (decimal 351)
   defining Unicode char U+0160 (decimal 352)
   defining Unicode char U+0161 (decimal 353)
   defining Unicode char U+0162 (decimal 354)
   defining Unicode char U+0163 (decimal 355)
   defining Unicode char U+0164 (decimal 356)
   defining Unicode char U+0165 (decimal 357)
   defining Unicode char U+0168 (decimal 360)
   defining Unicode char U+0169 (decimal 361)
   defining Unicode char U+016A (decimal 362)
   defining Unicode char U+016B (decimal 363)
   defining Unicode char U+016C (decimal 364)
   defining Unicode char U+016D (decimal 365)
   defining Unicode char U+016E (decimal 366)
   defining Unicode char U+016F (decimal 367)
   defining Unicode char U+0170 (decimal 368)
   defining Unicode char U+0171 (decimal 369)
   defining Unicode char U+0172 (decimal 370)
   defining Unicode char U+0173 (decimal 371)
   defining Unicode char U+0174 (decimal 372)
   defining Unicode char U+0175 (decimal 373)
   defining Unicode char U+0176 (decimal 374)
   defining Unicode char U+0177 (decimal 375)
   defining Unicode char U+0178 (decimal 376)
   defining Unicode char U+0179 (decimal 377)
   defining Unicode char U+017A (decimal 378)
   defining Unicode char U+017B (decimal 379)
   defining Unicode char U+017C (decimal 380)
   defining Unicode char U+017D (decimal 381)
   defining Unicode char U+017E (decimal 382)
   defining Unicode char U+01CD (decimal 461)
   defining Unicode char U+01CE (decimal 462)
   defining Unicode char U+01CF (decimal 463)
   defining Unicode char U+01D0 (decimal 464)
   defining Unicode char U+01D1 (decimal 465)
   defining Unicode char U+01D2 (decimal 466)
   defining Unicode char U+01D3 (decimal 467)
   defining Unicode char U+01D4 (decimal 468)
   defining Unicode char U+01E2 (decimal 482)
   defining Unicode char U+01E3 (decimal 483)
   defining Unicode char U+01E6 (decimal 486)
   defining Unicode char U+01E7 (decimal 487)
   defining Unicode char U+01E8 (decimal 488)
   defining Unicode char U+01E9 (decimal 489)
   defining Unicode char U+01EA (decimal 490)
   defining Unicode char U+01EB (decimal 491)
   defining Unicode char U+01F0 (decimal 496)
   defining Unicode char U+01F4 (decimal 500)
   defining Unicode char U+01F5 (decimal 501)
   defining Unicode char U+0218 (decimal 536)
   defining Unicode char U+0219 (decimal 537)
   defining Unicode char U+021A (decimal 538)
   defining Unicode char U+021B (decimal 539)
   defining Unicode char U+01E02 (decimal 7682)
   defining Unicode char U+01E03 (decimal 7683)
   defining Unicode char U+200C (decimal 8204)
   defining Unicode char U+2013 (decimal 8211)
   defining Unicode char U+2014 (decimal 8212)
   defining Unicode char U+2018 (decimal 8216)
   defining Unicode char U+2019 (decimal 8217)
   defining Unicode char U+201A (decimal 8218)
   defining Unicode char U+201C (decimal 8220)
   defining Unicode char U+201D (decimal 8221)
   defining Unicode char U+201E (decimal 8222)
   defining Unicode char U+2030 (decimal 8240)
   defining Unicode char U+2031 (decimal 8241)
   defining Unicode char U+2039 (decimal 8249)
   defining Unicode char U+203A (decimal 8250)
   defining Unicode char U+2423 (decimal 9251)
)
Now handling font encoding OT1 ...
... processing UTF-8 mapping file for font encoding OT1

(/usr/share/texlive/texmf-dist/tex/latex/base/ot1enc.dfu
File: ot1enc.dfu 2015/12/03 v1.1r UTF-8 support for inputenc
   defining Unicode char U+00A0 (decimal 160)
   defining Unicode char U+00A1 (decimal 161)
   defining Unicode char U+00A3 (decimal 163)
   defining Unicode char U+00AD (decimal 173)
   defining Unicode char U+00B8 (decimal 184)
   defining Unicode char U+00BF (decimal 191)
   defining Unicode char U+00C5 (decimal 197)
   defining Unicode char U+00C6 (decimal 198)
   defining Unicode char U+00D8 (decimal 216)
   defining Unicode char U+00DF (decimal 223)
   defining Unicode char U+00E6 (decimal 230)
   defining Unicode char U+00EC (decimal 236)
   defining Unicode char U+00ED (decimal 237)
   defining Unicode char U+00EE (decimal 238)
   defining Unicode char U+00EF (decimal 239)
   defining Unicode char U+00F8 (decimal 248)
   defining Unicode char U+0131 (decimal 305)
   defining Unicode char U+0141 (decimal 321)
   defining Unicode char U+0142 (decimal 322)
   defining Unicode char U+0152 (decimal 338)
   defining Unicode char U+0153 (decimal 339)
   defining Unicode char U+0174 (decimal 372)
   defining Unicode char U+0175 (decimal 373)
   defining Unicode char U+0176 (decimal 374)
   defining Unicode char U+0177 (decimal 375)
   defining Unicode char U+0218 (decimal 536)
   defining Unicode char U+0219 (decimal 537)
   defining Unicode char U+021A (decimal 538)
   defining Unicode char U+021B (decimal 539)
   defining Unicode char U+2013 (decimal 8211)
   defining Unicode char U+2014 (decimal 8212)
   defining Unicode char U+2018 (decimal 8216)
   defining Unicode char U+2019 (decimal 8217)
   defining Unicode char U+201C (decimal 8220)
   defining Unicode char U+201D (decimal 8221)
)
Now handling font encoding OMS ...
... processing UTF-8 mapping file for font encoding OMS

(/usr/share/texlive/texmf-dist/tex/latex/base/omsenc.dfu
File: omsenc.dfu 2015/12/03 v1.1r UTF-8 support for inputenc
   defining Unicode char U+00A7 (decimal 167)
   defining Unicode char U+00B6 (decimal 182)
   defining Unicode char U+00B7 (decimal 183)
   defining Unicode char U+2020 (decimal 8224)
   defining Unicode char U+2021 (decimal 8225)
   defining Unicode char U+2022 (decimal 8226)
)
Now handling font encoding OMX ...
... no UTF-8 mapping file for font encoding OMX
Now handling font encoding U ...
... no UTF-8 mapping file for font encoding U
   defining Unicode char U+00A9 (decimal 169)
   defining Unicode char U+00AA (decimal 170)
   defining Unicode char U+00AE (decimal 174)
   defining Unicode char U+00BA (decimal 186)
   defining Unicode char U+02C6 (decimal 710)
   defining Unicode char U+02DC (decimal 732)
   defining Unicode char U+200C (decimal 8204)
   defining Unicode char U+2026 (decimal 8230)
   defining Unicode char U+2122 (decimal 8482)
   defining Unicode char U+2423 (decimal 9251)
))
(/usr/share/texlive/texmf-dist/tex/generic/babel/babel.sty
Package: babel 2016/02/24 3.9q The Babel package

(/usr/share/texlive/texmf-dist/tex/generic/babel-english/english.ldf
Language: english 2012/08/20 v3.3p English support from the babel system

(/usr/share/texlive/texmf-dist/tex/generic/babel/babel.def
File: babel.def 2016/02/24 3.9q Babel common definitions
\babel@savecnt=\count87
\U@D=\dimen103
)
\l@canadian = a dialect from \language\l@american 
\l@australian = a dialect from \language\l@british 
\l@newzealand = a dialect from \language\l@british 
)
(/usr/share/texlive/texmf-dist/tex/generic/babel-catalan/catalan.ldf
Language: catalan 2005/03/29 v2.2p Catalan support from the babel system
Package babel Info: Making " an active character on input line 91.
\leftllkern=\dimen104
\rightllkern=\dimen105
\raiselldim=\dimen106
))
(/usr/share/texmf/tex/latex/lm/lmodern.sty
Package: lmodern 2009/10/30 v1.6 Latin Modern Fonts
LaTeX Font Info:    Overwriting symbol font `operators' in version `normal'
(Font)                  OT1/cmr/m/n --> OT1/lmr/m/n on input line 22.
LaTeX Font Info:    Overwriting symbol font `letters' in version `normal'
(Font)                  OML/cmm/m/it --> OML/lmm/m/it on input line 23.
LaTeX Font Info:    Overwriting symbol font `symbols' in version `normal'
(Font)                  OMS/cmsy/m/n --> OMS/lmsy/m/n on input line 24.
LaTeX Font Info:    Overwriting symbol font `largesymbols' in version `normal'
(Font)                  OMX/cmex/m/n --> OMX/lmex/m/n on input line 25.
LaTeX Font Info:    Overwriting symbol font `operators' in version `bold'
(Font)                  OT1/cmr/bx/n --> OT1/lmr/bx/n on input line 26.
LaTeX Font Info:    Overwriting symbol font `letters' in version `bold'
(Font)                  OML/cmm/b/it --> OML/lmm/b/it on input line 27.
LaTeX Font Info:    Overwriting symbol font `symbols' in version `bold'
(Font)                  OMS/cmsy/b/n --> OMS/lmsy/b/n on input line 28.
LaTeX Font Info:    Overwriting symbol font `largesymbols' in version `bold'
(Font)                  OMX/cmex/m/n --> OMX/lmex/m/n on input line 29.
LaTeX Font Info:    Overwriting math alphabet `\mathbf' in version `normal'
(Font)                  OT1/cmr/bx/n --> OT1/lmr/bx/n on input line 31.
LaTeX Font Info:    Overwriting math alphabet `\mathsf' in version `normal'
(Font)                  OT1/cmss/m/n --> OT1/lmss/m/n on input line 32.
LaTeX Font Info:    Overwriting math alphabet `\mathit' in version `normal'
(Font)                  OT1/cmr/m/it --> OT1/lmr/m/it on input line 33.
LaTeX Font Info:    Overwriting math alphabet `\mathtt' in version `normal'
(Font)                  OT1/cmtt/m/n --> OT1/lmtt/m/n on input line 34.
LaTeX Font Info:    Overwriting math alphabet `\mathbf' in version `bold'
(Font)                  OT1/cmr/bx/n --> OT1/lmr/bx/n on input line 35.
LaTeX Font Info:    Overwriting math alphabet `\mathsf' in version `bold'
(Font)                  OT1/cmss/bx/n --> OT1/lmss/bx/n on input line 36.
LaTeX Font Info:    Overwriting math alphabet `\mathit' in version `bold'
(Font)                  OT1/cmr/bx/it --> OT1/lmr/bx/it on input line 37.
LaTeX Font Info:    Overwriting math alphabet `\mathtt' in version `bold'
(Font)                  OT1/cmtt/m/n --> OT1/lmtt/m/n on input line 38.
)
(/usr/share/texlive/texmf-dist/tex/latex/microtype/microtype.sty
Package: microtype 2013/05/23 v2.5a Micro-typographical refinements (RS)

(/usr/share/texlive/texmf-dist/tex/latex/graphics/keyval.sty
Package: keyval 2014/10/28 v1.15 key=value parser (DPC)
\KV@toks@=\toks16
)
\MT@toks=\toks17
\MT@count=\count88
LaTeX Info: Redefining \textls on input line 766.
\MT@outer@kern=\dimen107
LaTeX Info: Redefining \textmicrotypecontext on input line 1285.
\MT@listname@count=\count89

(/usr/share/texlive/texmf-dist/tex/latex/microtype/microtype-pdftex.def
File: microtype-pdftex.def 2013/05/23 v2.5a Definitions specific to pdftex (RS)

LaTeX Info: Redefining \lsstyle on input line 915.
LaTeX Info: Redefining \lslig on input line 915.
\MT@outer@space=\skip43
)
Package microtype Info: Loading configuration file microtype.cfg.

(/usr/share/texlive/texmf-dist/tex/latex/microtype/microtype.cfg
File: microtype.cfg 2013/05/23 v2.5a microtype main configuration file (RS)
))
(/usr/share/texlive/texmf-dist/tex/latex/graphics/graphicx.sty
Package: graphicx 2014/10/28 v1.0g Enhanced LaTeX Graphics (DPC,SPQR)

(/usr/share/texlive/texmf-dist/tex/latex/graphics/graphics.sty
Package: graphics 2016/01/03 v1.0q Standard LaTeX Graphics (DPC,SPQR)

(/usr/share/texlive/texmf-dist/tex/latex/graphics/trig.sty
Package: trig 2016/01/03 v1.10 sin cos tan (DPC)
)
(/usr/share/texlive/texmf-dist/tex/latex/latexconfig/graphics.cfg
File: graphics.cfg 2010/04/23 v1.9 graphics configuration of TeX Live
)
Package graphics Info: Driver file: pdftex.def on input line 95.

(/usr/share/texlive/texmf-dist/tex/latex/pdftex-def/pdftex.def
File: pdftex.def 2011/05/27 v0.06d Graphics/color for pdfTeX

(/usr/share/texlive/texmf-dist/tex/generic/oberdiek/infwarerr.sty
Package: infwarerr 2010/04/08 v1.3 Providing info/warning/error messages (HO)
)
(/usr/share/texlive/texmf-dist/tex/generic/oberdiek/ltxcmds.sty
Package: ltxcmds 2011/11/09 v1.22 LaTeX kernel commands for general use (HO)
)
\Gread@gobject=\count90
))
\Gin@req@height=\dimen108
\Gin@req@width=\dimen109
)
(/usr/share/texlive/texmf-dist/tex/latex/blindtext/blindtext.sty
Package: blindtext 2012/01/06 V2.0 blindtext-Package

(/usr/share/texlive/texmf-dist/tex/latex/tools/xspace.sty
Package: xspace 2014/10/28 v1.13 Space after command names (DPC,MH)
)
\c@blindtext=\count91
\c@Blindtext=\count92
\c@blind@countparstart=\count93
\blind@countxx=\count94
\blindtext@numBlindtext=\count95
\blind@countyy=\count96
\c@blindlist=\count97
\c@blindlistlevel=\count98
\c@blindlist@level=\count99
\blind@listitem=\count100
\c@blind@listcount=\count101
\c@blind@levelcount=\count102
\blind@mathformula=\count103
\blind@Mathformula=\count104
\c@blind@randomcount=\count105
\c@blind@randommax=\count106
\c@blind@pangramcount=\count107
\c@blind@pangrammax=\count108
)
(/usr/share/texlive/texmf-dist/tex/latex/geometry/geometry.sty
Package: geometry 2010/09/12 v5.6 Page Geometry

(/usr/share/texlive/texmf-dist/tex/generic/oberdiek/ifpdf.sty
Package: ifpdf 2011/01/30 v2.3 Provides the ifpdf switch (HO)
Package ifpdf Info: pdfTeX in PDF mode is detected.
)
(/usr/share/texlive/texmf-dist/tex/generic/oberdiek/ifvtex.sty
Package: ifvtex 2010/03/01 v1.5 Detect VTeX and its facilities (HO)
Package ifvtex Info: VTeX not detected.
)
(/usr/share/texlive/texmf-dist/tex/generic/ifxetex/ifxetex.sty
Package: ifxetex 2010/09/12 v0.6 Provides ifxetex conditional
)
\Gm@cnth=\count109
\Gm@cntv=\count110
\c@Gm@tempcnt=\count111
\Gm@bindingoffset=\dimen110
\Gm@wd@mp=\dimen111
\Gm@odd@mp=\dimen112
\Gm@even@mp=\dimen113
\Gm@layoutwidth=\dimen114
\Gm@layoutheight=\dimen115
\Gm@layouthoffset=\dimen116
\Gm@layoutvoffset=\dimen117
\Gm@dimlist=\toks18
)
(/usr/share/texlive/texmf-dist/tex/latex/amsmath/amsmath.sty
Package: amsmath 2016/03/03 v2.15a AMS math features
\@mathmargin=\skip44

For additional information on amsmath, use the `?' option.
(/usr/share/texlive/texmf-dist/tex/latex/amsmath/amstext.sty
Package: amstext 2000/06/29 v2.01 AMS text

(/usr/share/texlive/texmf-dist/tex/latex/amsmath/amsgen.sty
File: amsgen.sty 1999/11/30 v2.0 generic functions
\@emptytoks=\toks19
\ex@=\dimen118
))
(/usr/share/texlive/texmf-dist/tex/latex/amsmath/amsbsy.sty
Package: amsbsy 1999/11/29 v1.2d Bold Symbols
\pmbraise@=\dimen119
)
(/usr/share/texlive/texmf-dist/tex/latex/amsmath/amsopn.sty
Package: amsopn 1999/12/14 v2.01 operator names
)
\inf@bad=\count112
LaTeX Info: Redefining \frac on input line 199.
\uproot@=\count113
\leftroot@=\count114
LaTeX Info: Redefining \overline on input line 297.
\classnum@=\count115
\DOTSCASE@=\count116
LaTeX Info: Redefining \ldots on input line 394.
LaTeX Info: Redefining \dots on input line 397.
LaTeX Info: Redefining \cdots on input line 518.
\Mathstrutbox@=\box26
\strutbox@=\box27
\big@size=\dimen120
LaTeX Font Info:    Redeclaring font encoding OML on input line 630.
LaTeX Font Info:    Redeclaring font encoding OMS on input line 631.
\macc@depth=\count117
\c@MaxMatrixCols=\count118
\dotsspace@=\muskip10
\c@parentequation=\count119
\dspbrk@lvl=\count120
\tag@help=\toks20
\row@=\count121
\column@=\count122
\maxfields@=\count123
\andhelp@=\toks21
\eqnshift@=\dimen121
\alignsep@=\dimen122
\tagshift@=\dimen123
\tagwidth@=\dimen124
\totwidth@=\dimen125
\lineht@=\dimen126
\@envbody=\toks22
\multlinegap=\skip45
\multlinetaggap=\skip46
\mathdisplay@stack=\toks23
LaTeX Info: Redefining \[ on input line 2735.
LaTeX Info: Redefining \] on input line 2736.
)
(/usr/share/texlive/texmf-dist/tex/latex/framed/framed.sty
Package: framed 2011/10/22 v 0.96: framed or shaded text with page breaks
\OuterFrameSep=\skip47
\fb@frw=\dimen127
\fb@frh=\dimen128
\FrameRule=\dimen129
\FrameSep=\dimen130
)
(/usr/share/texlive/texmf-dist/tex/latex/amsfonts/amssymb.sty
Package: amssymb 2013/01/14 v3.01 AMS font symbols

(/usr/share/texlive/texmf-dist/tex/latex/amsfonts/amsfonts.sty
Package: amsfonts 2013/01/14 v3.01 Basic AMSFonts support
\symAMSa=\mathgroup4
\symAMSb=\mathgroup5
LaTeX Font Info:    Overwriting math alphabet `\mathfrak' in version `bold'
(Font)                  U/euf/m/n --> U/euf/b/n on input line 106.
))
(/usr/share/texlive/texmf-dist/tex/latex/amscls/amsthm.sty
Package: amsthm 2015/03/04 v2.20.2
\thm@style=\toks24
\thm@bodyfont=\toks25
\thm@headfont=\toks26
\thm@notefont=\toks27
\thm@headpunct=\toks28
\thm@preskip=\skip48
\thm@postskip=\skip49
\thm@headsep=\skip50
\dth@everypar=\toks29
)
(/usr/share/texlive/texmf-dist/tex/latex/booktabs/booktabs.sty
Package: booktabs 2005/04/14 v1.61803 publication quality tables
\heavyrulewidth=\dimen131
\lightrulewidth=\dimen132
\cmidrulewidth=\dimen133
\belowrulesep=\dimen134
\belowbottomsep=\dimen135
\aboverulesep=\dimen136
\abovetopsep=\dimen137
\cmidrulesep=\dimen138
\cmidrulekern=\dimen139
\defaultaddspace=\dimen140
\@cmidla=\count124
\@cmidlb=\count125
\@aboverulesep=\dimen141
\@belowrulesep=\dimen142
\@thisruleclass=\count126
\@lastruleclass=\count127
\@thisrulewidth=\dimen143
)
(/usr/share/texlive/texmf-dist/tex/latex/colortbl/colortbl.sty
Package: colortbl 2012/02/13 v1.0a Color table columns (DPC)

(/usr/share/texlive/texmf-dist/tex/latex/tools/array.sty
Package: array 2014/10/28 v2.4c Tabular extension package (FMi)
\col@sep=\dimen144
\extrarowheight=\dimen145
\NC@list=\toks30
\extratabsurround=\skip51
\backup@length=\skip52
)
(/usr/share/texlive/texmf-dist/tex/latex/graphics/color.sty
Package: color 2016/01/03 v1.1b Standard LaTeX Color (DPC)

(/usr/share/texlive/texmf-dist/tex/latex/latexconfig/color.cfg
File: color.cfg 2007/01/18 v1.5 color configuration of teTeX/TeXLive
)
Package color Info: Driver file: pdftex.def on input line 143.
)
\everycr=\toks31
\minrowclearance=\skip53
)
(/usr/share/texlive/texmf-dist/tex/latex/xcolor/xcolor.sty
Package: xcolor 2007/01/21 v2.11 LaTeX color extensions (UK)

(/usr/share/texlive/texmf-dist/tex/latex/latexconfig/color.cfg
File: color.cfg 2007/01/18 v1.5 color configuration of teTeX/TeXLive
)
Package xcolor Info: Driver file: pdftex.def on input line 225.
LaTeX Info: Redefining \color on input line 702.
Package xcolor Info: Model `cmy' substituted by `cmy0' on input line 1337.
Package xcolor Info: Model `hsb' substituted by `rgb' on input line 1341.
Package xcolor Info: Model `RGB' extended on input line 1353.
Package xcolor Info: Model `HTML' substituted by `rgb' on input line 1355.
Package xcolor Info: Model `Hsb' substituted by `hsb' on input line 1356.
Package xcolor Info: Model `tHsb' substituted by `hsb' on input line 1357.
Package xcolor Info: Model `HSB' substituted by `hsb' on input line 1358.
Package xcolor Info: Model `Gray' substituted by `gray' on input line 1359.
Package xcolor Info: Model `wave' substituted by `hsb' on input line 1360.
)
(/usr/share/texlive/texmf-dist/tex/latex/tools/tabularx.sty
Package: tabularx 2014/10/28 v2.10 `tabularx' package (DPC)
\TX@col@width=\dimen146
\TX@old@table=\dimen147
\TX@old@col=\dimen148
\TX@target=\dimen149
\TX@delta=\dimen150
\TX@cols=\count128
\TX@ftn=\toks32
)
(/usr/share/texlive/texmf-dist/tex/latex/hyperref/hyperref.sty
Package: hyperref 2012/11/06 v6.83m Hypertext links for LaTeX

(/usr/share/texlive/texmf-dist/tex/generic/oberdiek/hobsub-hyperref.sty
Package: hobsub-hyperref 2012/05/28 v1.13 Bundle oberdiek, subset hyperref (HO)


(/usr/share/texlive/texmf-dist/tex/generic/oberdiek/hobsub-generic.sty
Package: hobsub-generic 2012/05/28 v1.13 Bundle oberdiek, subset generic (HO)
Package: hobsub 2012/05/28 v1.13 Construct package bundles (HO)
Package hobsub Info: Skipping package `infwarerr' (already loaded).
Package hobsub Info: Skipping package `ltxcmds' (already loaded).
Package: ifluatex 2010/03/01 v1.3 Provides the ifluatex switch (HO)
Package ifluatex Info: LuaTeX not detected.
Package hobsub Info: Skipping package `ifvtex' (already loaded).
Package: intcalc 2007/09/27 v1.1 Expandable calculations with integers (HO)
Package hobsub Info: Skipping package `ifpdf' (already loaded).
Package: etexcmds 2011/02/16 v1.5 Avoid name clashes with e-TeX commands (HO)
Package etexcmds Info: Could not find \expanded.
(etexcmds)             That can mean that you are not using pdfTeX 1.50 or
(etexcmds)             that some package has redefined \expanded.
(etexcmds)             In the latter case, load this package earlier.
Package: kvsetkeys 2012/04/25 v1.16 Key value parser (HO)
Package: kvdefinekeys 2011/04/07 v1.3 Define keys (HO)
Package: pdftexcmds 2011/11/29 v0.20 Utility functions of pdfTeX for LuaTeX (HO
)
Package pdftexcmds Info: LuaTeX not detected.
Package pdftexcmds Info: \pdf@primitive is available.
Package pdftexcmds Info: \pdf@ifprimitive is available.
Package pdftexcmds Info: \pdfdraftmode found.
Package: pdfescape 2011/11/25 v1.13 Implements pdfTeX's escape features (HO)
Package: bigintcalc 2012/04/08 v1.3 Expandable calculations on big integers (HO
)
Package: bitset 2011/01/30 v1.1 Handle bit-vector datatype (HO)
Package: uniquecounter 2011/01/30 v1.2 Provide unlimited unique counter (HO)
)
Package hobsub Info: Skipping package `hobsub' (already loaded).
Package: letltxmacro 2010/09/02 v1.4 Let assignment for LaTeX macros (HO)
Package: hopatch 2012/05/28 v1.2 Wrapper for package hooks (HO)
Package: xcolor-patch 2011/01/30 xcolor patch
Package: atveryend 2011/06/30 v1.8 Hooks at the very end of document (HO)
Package atveryend Info: \enddocument detected (standard20110627).
Package: atbegshi 2011/10/05 v1.16 At begin shipout hook (HO)
Package: refcount 2011/10/16 v3.4 Data extraction from label references (HO)
Package: hycolor 2011/01/30 v1.7 Color options for hyperref/bookmark (HO)
)
(/usr/share/texlive/texmf-dist/tex/latex/oberdiek/auxhook.sty
Package: auxhook 2011/03/04 v1.3 Hooks for auxiliary files (HO)
)
(/usr/share/texlive/texmf-dist/tex/latex/oberdiek/kvoptions.sty
Package: kvoptions 2011/06/30 v3.11 Key value format for package options (HO)
)
\@linkdim=\dimen151
\Hy@linkcounter=\count129
\Hy@pagecounter=\count130

(/usr/share/texlive/texmf-dist/tex/latex/hyperref/pd1enc.def
File: pd1enc.def 2012/11/06 v6.83m Hyperref: PDFDocEncoding definition (HO)
Now handling font encoding PD1 ...
... no UTF-8 mapping file for font encoding PD1
)
\Hy@SavedSpaceFactor=\count131

(/usr/share/texlive/texmf-dist/tex/latex/latexconfig/hyperref.cfg
File: hyperref.cfg 2002/06/06 v1.2 hyperref configuration of TeXLive
)
Package hyperref Info: Hyper figures OFF on input line 4443.
Package hyperref Info: Link nesting OFF on input line 4448.
Package hyperref Info: Hyper index ON on input line 4451.
Package hyperref Info: Plain pages OFF on input line 4458.
Package hyperref Info: Backreferencing OFF on input line 4463.
Package hyperref Info: Implicit mode ON; LaTeX internals redefined.
Package hyperref Info: Bookmarks ON on input line 4688.
\c@Hy@tempcnt=\count132

(/usr/share/texlive/texmf-dist/tex/latex/url/url.sty
\Urlmuskip=\muskip11
Package: url 2013/09/16  ver 3.4  Verb mode for urls, etc.
)
LaTeX Info: Redefining \url on input line 5041.
\XeTeXLinkMargin=\dimen152
\Fld@menulength=\count133
\Field@Width=\dimen153
\Fld@charsize=\dimen154
Package hyperref Info: Hyper figures OFF on input line 6295.
Package hyperref Info: Link nesting OFF on input line 6300.
Package hyperref Info: Hyper index ON on input line 6303.
Package hyperref Info: backreferencing OFF on input line 6310.
Package hyperref Info: Link coloring OFF on input line 6315.
Package hyperref Info: Link coloring with OCG OFF on input line 6320.
Package hyperref Info: PDF/A mode OFF on input line 6325.
LaTeX Info: Redefining \ref on input line 6365.
LaTeX Info: Redefining \pageref on input line 6369.
\Hy@abspage=\count134
\c@Item=\count135
\c@Hfootnote=\count136
)

Package hyperref Message: Driver (autodetected): hpdftex.

(/usr/share/texlive/texmf-dist/tex/latex/hyperref/hpdftex.def
File: hpdftex.def 2012/11/06 v6.83m Hyperref driver for pdfTeX
\Fld@listcount=\count137
\c@bookmark@seq@number=\count138

(/usr/share/texlive/texmf-dist/tex/latex/oberdiek/rerunfilecheck.sty
Package: rerunfilecheck 2011/04/15 v1.7 Rerun checks for auxiliary files (HO)
Package uniquecounter Info: New unique counter `rerunfilecheck' on input line 2
82.
)
\Hy@SectionHShift=\skip54
)
(/usr/share/texlive/texmf-dist/tex/latex/listings/listings.sty
\lst@mode=\count139
\lst@gtempboxa=\box28
\lst@token=\toks33
\lst@length=\count140
\lst@currlwidth=\dimen155
\lst@column=\count141
\lst@pos=\count142
\lst@lostspace=\dimen156
\lst@width=\dimen157
\lst@newlines=\count143
\lst@lineno=\count144
\lst@maxwidth=\dimen158

(/usr/share/texlive/texmf-dist/tex/latex/listings/lstmisc.sty
File: lstmisc.sty 2015/06/04 1.6 (Carsten Heinz)
\c@lstnumber=\count145
\lst@skipnumbers=\count146
\lst@framebox=\box29
)
(/usr/share/texlive/texmf-dist/tex/latex/listings/listings.cfg
File: listings.cfg 2015/06/04 1.6 listings configuration
))
Package: listings 2015/06/04 1.6 (Carsten Heinz)
\c@theorem=\count147
Package hyperref Info: Option `colorlinks' set `true' on input line 27.

(/usr/share/texlive/texmf-dist/tex/latex/caption/caption.sty
Package: caption 2016/02/21 v3.3-144 Customizing captions (AR)

(/usr/share/texlive/texmf-dist/tex/latex/caption/caption3.sty
Package: caption3 2016/02/04 v1.7-139 caption3 kernel (AR)
Package caption3 Info: TeX engine: e-TeX on input line 67.
\captionmargin=\dimen159
\captionmargin@=\dimen160
\captionwidth=\dimen161
\caption@tempdima=\dimen162
\caption@indent=\dimen163
\caption@parindent=\dimen164
\caption@hangindent=\dimen165
)
\c@ContinuedFloat=\count148
Package caption Info: hyperref package is loaded.
Package caption Info: listings package is loaded.
) (./Memoria.aux)
\openout1 = `Memoria.aux'.

LaTeX Font Info:    Checking defaults for OML/cmm/m/it on input line 36.
LaTeX Font Info:    ... okay on input line 36.
LaTeX Font Info:    Checking defaults for T1/cmr/m/n on input line 36.
LaTeX Font Info:    ... okay on input line 36.
LaTeX Font Info:    Checking defaults for OT1/cmr/m/n on input line 36.
LaTeX Font Info:    ... okay on input line 36.
LaTeX Font Info:    Checking defaults for OMS/cmsy/m/n on input line 36.
LaTeX Font Info:    ... okay on input line 36.
LaTeX Font Info:    Checking defaults for OMX/cmex/m/n on input line 36.
LaTeX Font Info:    ... okay on input line 36.
LaTeX Font Info:    Checking defaults for U/cmr/m/n on input line 36.
LaTeX Font Info:    ... okay on input line 36.
LaTeX Font Info:    Checking defaults for PD1/pdf/m/n on input line 36.
LaTeX Font Info:    ... okay on input line 36.
LaTeX Font Info:    Try loading font information for T1+lmr on input line 36.
(/usr/share/texmf/tex/latex/lm/t1lmr.fd
File: t1lmr.fd 2009/10/30 v1.6 Font defs for Latin Modern
)
LaTeX Info: Redefining \l on input line 36.
LaTeX Info: Redefining \L on input line 36.
LaTeX Info: Redefining \microtypecontext on input line 36.
Package microtype Info: Generating PDF output.
Package microtype Info: Character protrusion enabled (level 2).
Package microtype Info: Using default protrusion set `alltext'.
Package microtype Info: Automatic font expansion enabled (level 2),
(microtype)             stretch: 20, shrink: 20, step: 1, non-selected.
Package microtype Info: Using default expansion set `basictext'.
Package microtype Info: No adjustment of tracking.
Package microtype Info: No adjustment of interword spacing.
Package microtype Info: No adjustment of character kerning.

(/usr/share/texlive/texmf-dist/tex/latex/microtype/mt-cmr.cfg
File: mt-cmr.cfg 2013/05/19 v2.2 microtype config. file: Computer Modern Roman 
(RS)
)
(/usr/share/texlive/texmf-dist/tex/context/base/supp-pdf.mkii
[Loading MPS to PDF converter (version 2006.09.02).]
\scratchcounter=\count149
\scratchdimen=\dimen166
\scratchbox=\box30
\nofMPsegments=\count150
\nofMParguments=\count151
\everyMPshowfont=\toks34
\MPscratchCnt=\count152
\MPscratchDim=\dimen167
\MPnumerator=\count153
\makeMPintoPDFobject=\count154
\everyMPtoPDFconversion=\toks35
) (/usr/share/texlive/texmf-dist/tex/latex/oberdiek/epstopdf-base.sty
Package: epstopdf-base 2010/02/09 v2.5 Base part for package epstopdf

(/usr/share/texlive/texmf-dist/tex/latex/oberdiek/grfext.sty
Package: grfext 2010/08/19 v1.1 Manage graphics extensions (HO)
)
Package grfext Info: Graphics extension search list:
(grfext)             [.png,.pdf,.jpg,.mps,.jpeg,.jbig2,.jb2,.PNG,.PDF,.JPG,.JPE
G,.JBIG2,.JB2,.eps]
(grfext)             \AppendGraphicsExtensions on input line 452.

(/usr/share/texlive/texmf-dist/tex/latex/latexconfig/epstopdf-sys.cfg
File: epstopdf-sys.cfg 2010/07/13 v1.3 Configuration of (r)epstopdf for TeX Liv
e
))
*geometry* driver: auto-detecting
*geometry* detected driver: pdftex
*geometry* verbose mode - [ preamble ] result:
* driver: pdftex
* paper: a4paper
* layout: <same size as paper>
* layoutoffset:(h,v)=(0.0pt,0.0pt)
* modes: 
* h-part:(L,W,R)=(56.9055pt, 483.69684pt, 56.90553pt)
* v-part:(T,H,B)=(56.9055pt, 731.23582pt, 56.90552pt)
* \paperwidth=597.50787pt
* \paperheight=845.04684pt
* \textwidth=483.69684pt
* \textheight=731.23582pt
* \oddsidemargin=-15.36449pt
* \evensidemargin=-15.36449pt
* \topmargin=-52.36449pt
* \headheight=12.0pt
* \headsep=25.0pt
* \topskip=10.0pt
* \footskip=30.0pt
* \marginparwidth=65.0pt
* \marginparsep=11.0pt
* \columnsep=10.0pt
* \skip\footins=9.0pt plus 4.0pt minus 2.0pt
* \hoffset=0.0pt
* \voffset=0.0pt
* \mag=1000
* \@twocolumnfalse
* \@twosidefalse
* \@mparswitchfalse
* \@reversemarginfalse
* (1in=72.27pt=25.4mm, 1cm=28.453pt)

\AtBeginShipoutBox=\box31
Package hyperref Info: Link coloring ON on input line 36.
(/usr/share/texlive/texmf-dist/tex/latex/hyperref/nameref.sty
Package: nameref 2012/10/27 v2.43 Cross-referencing by name of section

(/usr/share/texlive/texmf-dist/tex/generic/oberdiek/gettitlestring.sty
Package: gettitlestring 2010/12/03 v1.4 Cleanup title references (HO)
)
\c@section@level=\count155
)
LaTeX Info: Redefining \ref on input line 36.
LaTeX Info: Redefining \pageref on input line 36.
LaTeX Info: Redefining \nameref on input line 36.

(./Memoria.out) (./Memoria.out)
\@outlinefile=\write3
\openout3 = `Memoria.out'.

\c@lstlisting=\count156
Package caption Info: Begin \AtBeginDocument code.
Package caption Info: End \AtBeginDocument code.
Package microtype Info: Character `029' is missing
(microtype)             in font `T1/lmr/m/sc/17.28'.
(microtype)             Ignoring protrusion settings for this character.
LaTeX Font Info:    Try loading font information for OT1+lmr on input line 75.
 (/usr/share/texmf/tex/latex/lm/ot1lmr.fd
File: ot1lmr.fd 2009/10/30 v1.6 Font defs for Latin Modern
)
LaTeX Font Info:    Try loading font information for OML+lmm on input line 75.

(/usr/share/texmf/tex/latex/lm/omllmm.fd
File: omllmm.fd 2009/10/30 v1.6 Font defs for Latin Modern
)
LaTeX Font Info:    Try loading font information for OMS+lmsy on input line 75.


(/usr/share/texmf/tex/latex/lm/omslmsy.fd
File: omslmsy.fd 2009/10/30 v1.6 Font defs for Latin Modern
)
LaTeX Font Info:    Try loading font information for OMX+lmex on input line 75.


(/usr/share/texmf/tex/latex/lm/omxlmex.fd
File: omxlmex.fd 2009/10/30 v1.6 Font defs for Latin Modern
)
LaTeX Font Info:    External font `lmex10' loaded for size
(Font)              <12> on input line 75.
LaTeX Font Info:    External font `lmex10' loaded for size
(Font)              <8> on input line 75.
LaTeX Font Info:    External font `lmex10' loaded for size
(Font)              <6> on input line 75.
LaTeX Font Info:    Try loading font information for U+msa on input line 75.

(/usr/share/texlive/texmf-dist/tex/latex/amsfonts/umsa.fd
File: umsa.fd 2013/01/14 v3.01 AMS symbols A
)
(/usr/share/texlive/texmf-dist/tex/latex/microtype/mt-msa.cfg
File: mt-msa.cfg 2006/02/04 v1.1 microtype config. file: AMS symbols (a) (RS)
)
LaTeX Font Info:    Try loading font information for U+msb on input line 75.

(/usr/share/texlive/texmf-dist/tex/latex/amsfonts/umsb.fd
File: umsb.fd 2013/01/14 v3.01 AMS symbols B
)
(/usr/share/texlive/texmf-dist/tex/latex/microtype/mt-msb.cfg
File: mt-msb.cfg 2005/06/01 v1.0 microtype config. file: AMS symbols (b) (RS)
)
Package microtype Info: Character `029' is missing
(microtype)             in font `T1/lmr/m/sc/12'.
(microtype)             Ignoring protrusion settings for this character.
 [1

{/var/lib/texmf/fonts/map/pdftex/updmap/pdftex.map}] [2



] (./Memoria.toc
LaTeX Font Info:    External font `lmex10' loaded for size
(Font)              <10> on input line 3.
LaTeX Font Info:    External font `lmex10' loaded for size
(Font)              <7> on input line 3.
LaTeX Font Info:    External font `lmex10' loaded for size
(Font)              <5> on input line 3.

Overfull \hbox (20.98488pt too wide) in paragraph at lines 11--11
 [][] [][][]\T1/lmr/m/n/10 (-20) Métode de Tukey (\T1/lmr/m/it/10 (-20) honestl
y-significant- 
 []

LaTeX Font Info:    Try loading font information for T1+lmtt on input line 23.
(/usr/share/texmf/tex/latex/lm/t1lmtt.fd
File: t1lmtt.fd 2009/10/30 v1.6 Font defs for Latin Modern
)
LaTeX Font Info:    Font shape `T1/lmtt/bx/n' in size <10> not available
(Font)              Font shape `T1/lmtt/b/n' tried instead on input line 23.
Package microtype Info: Loading generic settings for font family
(microtype)             `lmtt' (encoding: T1).
(microtype)             For optimal results, create family-specific settings.
(microtype)             See the microtype manual for details.
)
\tf@toc=\write4
\openout4 = `Memoria.toc'.

 [3


]
Underfull \hbox (badness 10000) in paragraph at lines 84--86

 []


Underfull \hbox (badness 10000) in paragraph at lines 87--89

 []


Underfull \hbox (badness 10000) in paragraph at lines 90--92

 []

LaTeX Font Info:    Try loading font information for OMS+lmr on input line 98.
(/usr/share/texmf/tex/latex/lm/omslmr.fd
File: omslmr.fd 2009/10/30 v1.6 Font defs for Latin Modern
)
LaTeX Font Info:    Font shape `OMS/lmr/m/n' in size <10> not available
(Font)              Font shape `OMS/lmsy/m/n' tried instead on input line 98.

Underfull \hbox (badness 10000) in paragraph at lines 98--100

 []


Underfull \hbox (badness 10000) in paragraph at lines 101--103

 []


Underfull \hbox (badness 10000) in paragraph at lines 104--106

 []


Underfull \hbox (badness 10000) in paragraph at lines 107--109

 []


Overfull \hbox (5.335pt too wide) in paragraph at lines 113--113
[]\T1/lmr/bx/n/12 Cas d'es-tu-di: Pro-to-col d'aná-li-si d'un
 []


Underfull \hbox (badness 10000) in paragraph at lines 114--116

 []


Underfull \hbox (badness 10000) in paragraph at lines 117--119

 []


Underfull \hbox (badness 10000) in paragraph at lines 120--122

 []

[4

]
Underfull \hbox (badness 10000) in paragraph at lines 129--131

 []


Underfull \hbox (badness 10000) in paragraph at lines 132--134

 []


Underfull \hbox (badness 10000) in paragraph at lines 186--189

 []

[5]
Underfull \hbox (badness 10000) in paragraph at lines 196--198

 []


Underfull \hbox (badness 10000) in paragraph at lines 199--201

 []

<FalsPositiu.png, id=232, 419.31656pt x 447.17062pt>
File: FalsPositiu.png Graphic file (type png)
 <use FalsPositiu.png>
Package pdftex.def Info: FalsPositiu.png used on input line 237.
(pdftex.def)             Requested size: 209.65776pt x 223.58476pt.


Package caption Warning: The option `hypcap=true' will be ignored for this
(caption)                particular \caption on input line 238.
See the caption package documentation for explanation.


Underfull \hbox (badness 10000) in paragraph at lines 244--247

 []

[6

 <./FalsPositiu.png>]
Underfull \hbox (badness 10000) in paragraph at lines 286--288

 []


Underfull \hbox (badness 10000) in paragraph at lines 302--306

 []


Underfull \hbox (badness 10000) in paragraph at lines 314--317

 []

[7]
Underfull \hbox (badness 10000) in paragraph at lines 329--331

 []


Underfull \hbox (badness 10000) in paragraph at lines 349--351

 []


Underfull \hbox (badness 10000) in paragraph at lines 352--354

 []

<heatmap.png, id=253, 1163.34625pt x 744.7825pt>
File: heatmap.png Graphic file (type png)
 <use heatmap.png>
Package pdftex.def Info: heatmap.png used on input line 357.
(pdftex.def)             Requested size: 232.66513pt x 148.95386pt.


Package caption Warning: The option `hypcap=true' will be ignored for this
(caption)                particular \caption on input line 358.
See the caption package documentation for explanation.


Underfull \hbox (badness 10000) in paragraph at lines 361--363

 []


Underfull \hbox (badness 10000) in paragraph at lines 364--366

 []


Underfull \hbox (badness 10000) in paragraph at lines 367--369

 []


Underfull \hbox (badness 10000) in paragraph at lines 370--372

 []


Underfull \hbox (badness 10000) in paragraph at lines 373--375

 []


Overfull \hbox (0.2569pt too wide) in paragraph at lines 376--378
[]\T1/lmr/m/n/10 (-20) La im-ple-men-ta-ció \T1/lmtt/m/n/10 hclust \T1/lmr/m/n/
10 (-20) (\T1/lmr/m/it/10 (-20) hie-rarc-hi-cal clus-ter analy-
 []


Underfull \hbox (badness 10000) in paragraph at lines 376--378

 []

[8 <./heatmap.png>]
Underfull \hbox (badness 10000) in paragraph at lines 379--382

 []


Underfull \hbox (badness 10000) in paragraph at lines 383--385

 []


Underfull \hbox (badness 10000) in paragraph at lines 386--388

 []


Underfull \hbox (badness 10000) in paragraph at lines 411--413

 []


Overfull \hbox (6.4453pt too wide) detected at line 460
[]\OML/lmm/m/it/10 VT\OT1/lmr/m/n/10 (\OML/lmm/m/it/10 Z\OT1/lmr/m/n/10 ) := \O
ML/lmm/m/it/10 ^^U[] \OT1/lmr/m/n/10 + \OML/lmm/m/it/10 ^^U[] \OT1/lmr/m/n/10 +
 [] + \OML/lmm/m/it/10 ^^U[] \OT1/lmr/m/n/10 = \OML/lmm/m/it/10 ^^[[] \OT1/lmr/
m/n/10 + \OML/lmm/m/it/10 ^^[[] \OT1/lmr/m/n/10 + [] + \OML/lmm/m/it/10 ^^[[] \
OT1/lmr/m/n/10 =: \OML/lmm/m/it/10 VT\OT1/lmr/m/n/10 (\OML/lmm/m/it/10 X\OT1/lm
r/m/n/10 ) 
 []

[9

]
Underfull \hbox (badness 10000) in paragraph at lines 502--506

 []


Underfull \hbox (badness 10000) in paragraph at lines 507--511

 []


Underfull \hbox (badness 10000) in paragraph at lines 512--514

 []


Underfull \hbox (badness 10000) in paragraph at lines 515--519

 []


Underfull \hbox (badness 10000) in paragraph at lines 520--523

 []


Underfull \hbox (badness 10000) in paragraph at lines 524--528

 []


Underfull \hbox (badness 10000) in paragraph at lines 529--531

 []

[10

]
Underfull \hbox (badness 10000) in paragraph at lines 543--544

 []


Underfull \hbox (badness 10000) in paragraph at lines 582--585

 []


Overfull \hbox (1.84447pt too wide) in paragraph at lines 586--588
\T1/lmr/m/n/10 (-20) ons per mul-ti-pli-ci-tat de con-tras-tos; \T1/lmr/m/it/10
 (-20) Benjamini$\OT1/lmr/m/n/10 (-20) &$\T1/lmr/m/it/10 (-20) Hochberg
 []


Underfull \hbox (badness 10000) in paragraph at lines 586--588

 []


Underfull \hbox (badness 10000) in paragraph at lines 589--593

 []

<logsdades.png, id=284, 599.23875pt x 479.54156pt>
File: logsdades.png Graphic file (type png)
 <use logsdades.png>
Package pdftex.def Info: logsdades.png used on input line 596.
(pdftex.def)             Requested size: 269.65494pt x 215.7917pt.


Package caption Warning: The option `hypcap=true' will be ignored for this
(caption)                particular \caption on input line 597.
See the caption package documentation for explanation.


Overfull \hbox (32.80652pt too wide) in paragraph at lines 596--597
 [] 
 []

[11

 <./logsdades.png>]
Overfull \hbox (238.42874pt too wide) in paragraph at lines 606--643
 [][] 
 []

[12


]
Underfull \hbox (badness 10000) in paragraph at lines 692--699

 []


Underfull \hbox (badness 10000) in paragraph at lines 692--699

 []


Underfull \hbox (badness 10000) in paragraph at lines 692--699

 []


Underfull \hbox (badness 10000) in paragraph at lines 692--699

 []

[13

] <IleumTukey.png, id=308, 505.89pt x 364.36125pt>
File: IleumTukey.png Graphic file (type png)
 <use IleumTukey.png>
Package pdftex.def Info: IleumTukey.png used on input line 725.
(pdftex.def)             Requested size: 404.71254pt x 291.48938pt.


Package caption Warning: The option `hypcap=true' will be ignored for this
(caption)                particular \caption on input line 726.
See the caption package documentation for explanation.

[14


 <./IleumTukey.png (PNG copy)>]
<TukeyJeju.png, id=315, 417.05812pt x 364.36125pt>
File: TukeyJeju.png Graphic file (type png)
 <use TukeyJeju.png>
Package pdftex.def Info: TukeyJeju.png used on input line 754.
(pdftex.def)             Requested size: 375.34883pt x 327.92209pt.


Package caption Warning: The option `hypcap=true' will be ignored for this
(caption)                particular \caption on input line 755.
See the caption package documentation for explanation.

[15

 <./TukeyJeju.png (PNG copy)>]
<biploti.png, id=322, 324.21124pt x 335.2525pt>
File: biploti.png Graphic file (type png)
 <use biploti.png>
Package pdftex.def Info: biploti.png used on input line 761.
(pdftex.def)             Requested size: 194.52824pt x 201.15305pt.


Package caption Warning: The option `hypcap=true' will be ignored for this
(caption)                particular \caption on input line 762.
See the caption package documentation for explanation.

<biplotj.png, id=323, 306.14375pt x 334.24875pt>
File: biplotj.png Graphic file (type png)
 <use biplotj.png>
Package pdftex.def Info: biplotj.png used on input line 767.
(pdftex.def)             Requested size: 183.68765pt x 200.55078pt.


Package caption Warning: The option `hypcap=true' will be ignored for this
(caption)                particular \caption on input line 768.
See the caption package documentation for explanation.

[16

 <./biploti.png> <./biplotj.png>]
<lineploti.png, id=330, 409.53pt x 330.48468pt>
File: lineploti.png Graphic file (type png)
 <use lineploti.png>
Package pdftex.def Info: lineploti.png used on input line 778.
(pdftex.def)             Requested size: 368.57358pt x 297.43346pt.


Package caption Warning: The option `hypcap=true' will be ignored for this
(caption)                particular \caption on input line 779.
See the caption package documentation for explanation.

<lineplotj.png, id=331, 409.53pt x 330.48468pt>
File: lineplotj.png Graphic file (type png)
 <use lineplotj.png>
Package pdftex.def Info: lineplotj.png used on input line 782.
(pdftex.def)             Requested size: 368.57358pt x 297.43346pt.


Package caption Warning: The option `hypcap=true' will be ignored for this
(caption)                particular \caption on input line 783.
See the caption package documentation for explanation.

[17

 <./lineploti.png (PNG copy)> <./lineplotj.png (PNG copy)>]
<heatmapi.png, id=338, 409.53pt x 330.48468pt>
File: heatmapi.png Graphic file (type png)
 <use heatmapi.png>
Package pdftex.def Info: heatmapi.png used on input line 789.
(pdftex.def)             Requested size: 368.57358pt x 297.43346pt.


Package caption Warning: The option `hypcap=true' will be ignored for this
(caption)                particular \caption on input line 790.
See the caption package documentation for explanation.

<heatmapj.png, id=339, 409.53pt x 330.48468pt>
File: heatmapj.png Graphic file (type png)
 <use heatmapj.png>
Package pdftex.def Info: heatmapj.png used on input line 793.
(pdftex.def)             Requested size: 368.57358pt x 297.43346pt.


Package caption Warning: The option `hypcap=true' will be ignored for this
(caption)                particular \caption on input line 794.
See the caption package documentation for explanation.

[18

 <./heatmapi.png (PNG copy)> <./heatmapj.png (PNG copy)>]
Underfull \hbox (badness 10000) in paragraph at lines 800--802

 []


Underfull \hbox (badness 10000) in paragraph at lines 803--805

 []


Underfull \hbox (badness 10000) in paragraph at lines 806--808

 []


Underfull \hbox (badness 10000) in paragraph at lines 809--811

 []


Underfull \hbox (badness 10000) in paragraph at lines 812--813

 []


Underfull \hbox (badness 10000) in paragraph at lines 814--816

 []


Underfull \hbox (badness 10000) in paragraph at lines 817--819

 []


Underfull \hbox (badness 10000) in paragraph at lines 820--822

 []


Underfull \hbox (badness 10000) in paragraph at lines 823--825

 []


Underfull \hbox (badness 10000) in paragraph at lines 826--828

 []


Underfull \hbox (badness 10000) in paragraph at lines 831--833

 []


Underfull \hbox (badness 10000) in paragraph at lines 834--836

 []


Underfull \hbox (badness 10000) in paragraph at lines 837--839

 []


Underfull \hbox (badness 10000) in paragraph at lines 840--842

 []


Underfull \hbox (badness 10000) in paragraph at lines 843--845

 []

[19


]
LaTeX Font Info:    Font shape `T1/lmtt/bx/n' in size <14.4> not available
(Font)              Font shape `T1/lmtt/b/n' tried instead on input line 849.

Underfull \hbox (badness 10000) in paragraph at lines 852--854

 []


Underfull \hbox (badness 10000) in paragraph at lines 855--857

 []


Underfull \hbox (badness 10000) in paragraph at lines 864--866

 []


Underfull \hbox (badness 10000) in paragraph at lines 871--873

 []


Underfull \hbox (badness 10000) in paragraph at lines 874--876

 []


Underfull \hbox (badness 10000) in paragraph at lines 880--884

 []

<app1.png, id=353, 716.6775pt x 426.59375pt>
File: app1.png Graphic file (type png)
 <use app1.png>
Package pdftex.def Info: app1.png used on input line 889.
(pdftex.def)             Requested size: 215.00491pt x 127.97911pt.


Package caption Warning: The option `hypcap=true' will be ignored for this
(caption)                particular \caption on input line 890.
See the caption package documentation for explanation.

[20

 <./app1.png>]
Underfull \hbox (badness 10000) in paragraph at lines 903--905

 []

<app2.png, id=365, 392.46625pt x 594.22pt>
File: app2.png Graphic file (type png)
 <use app2.png>
Package pdftex.def Info: app2.png used on input line 910.
(pdftex.def)             Requested size: 156.9837pt x 237.68379pt.


Package caption Warning: The option `hypcap=true' will be ignored for this
(caption)                particular \caption on input line 911.
See the caption package documentation for explanation.

<app3.png, id=366, 843.15pt x 360.34625pt>
File: app3.png Graphic file (type png)
 <use app3.png>
Package pdftex.def Info: app3.png used on input line 929.
(pdftex.def)             Requested size: 252.94695pt x 108.1047pt.


Package caption Warning: The option `hypcap=true' will be ignored for this
(caption)                particular \caption on input line 930.
See the caption package documentation for explanation.


Overfull \hbox (16.09853pt too wide) in paragraph at lines 929--930
 [] 
 []

<app4.png, id=367, 833.1125pt x 354.32375pt>
File: app4.png Graphic file (type png)
 <use app4.png>
Package pdftex.def Info: app4.png used on input line 933.
(pdftex.def)             Requested size: 249.93568pt x 106.29794pt.


Package caption Warning: The option `hypcap=true' will be ignored for this
(caption)                particular \caption on input line 934.
See the caption package documentation for explanation.


Overfull \hbox (13.08727pt too wide) in paragraph at lines 933--934
 [] 
 []

<app7.png, id=368, 282.05376pt x 389.455pt>
File: app7.png Graphic file (type png)
 <use app7.png>
Package pdftex.def Info: app7.png used on input line 940.
(pdftex.def)             Requested size: 141.02652pt x 194.72702pt.


Package caption Warning: The option `hypcap=true' will be ignored for this
(caption)                particular \caption on input line 941.
See the caption package documentation for explanation.

[21

 <./app2.png> <./app3.png> <./app4.png> <./app7.png>]
<app8.png, id=386, 802.49812pt x 802.49812pt>
File: app8.png Graphic file (type png)
 <use app8.png>
Package pdftex.def Info: app8.png used on input line 946.
(pdftex.def)             Requested size: 320.99356pt x 320.99356pt.


Package caption Warning: The option `hypcap=true' will be ignored for this
(caption)                particular \caption on input line 947.
See the caption package documentation for explanation.

<app9.png, id=387, 802.49812pt x 802.49812pt>
File: app9.png Graphic file (type png)
 <use app9.png>
Package pdftex.def Info: app9.png used on input line 950.
(pdftex.def)             Requested size: 320.99356pt x 320.99356pt.


Package caption Warning: The option `hypcap=true' will be ignored for this
(caption)                particular \caption on input line 951.
See the caption package documentation for explanation.

[22


 <./app8.png (PNG copy)> <./app9.png (PNG copy)>]
<app5.png, id=394, 797.98125pt x 305.14pt>
File: app5.png Graphic file (type png)
 <use app5.png>
Package pdftex.def Info: app5.png used on input line 956.
(pdftex.def)             Requested size: 398.98964pt x 152.56961pt.


Package caption Warning: The option `hypcap=true' will be ignored for this
(caption)                particular \caption on input line 957.
See the caption package documentation for explanation.

<app6.png, id=395, 847.165pt x 573.14125pt>
File: app6.png Graphic file (type png)
 <use app6.png>
Package pdftex.def Info: app6.png used on input line 966.
(pdftex.def)             Requested size: 508.30292pt x 343.8874pt.


Package caption Warning: The option `hypcap=true' will be ignored for this
(caption)                particular \caption on input line 967.
See the caption package documentation for explanation.


Overfull \hbox (24.60608pt too wide) in paragraph at lines 966--967
 [] 
 []

[23

 <./app5.png> <./app6.png>]
Underfull \hbox (badness 10000) in paragraph at lines 984--986

 []


Underfull \hbox (badness 10000) in paragraph at lines 987--989

 []


Underfull \hbox (badness 10000) in paragraph at lines 992--993

 []


Underfull \hbox (badness 10000) in paragraph at lines 994--995

 []

[24


]
Underfull \hbox (badness 2103) in paragraph at lines 1001--1002
[]\T1/lmr/m/n/10 (+20) Controlling the Fal-se Dis-co-very Ra-te: A
 []


Underfull \hbox (badness 10000) in paragraph at lines 1001--1002

 []


Underfull \hbox (badness 4954) in paragraph at lines 1003--1005
[]\T1/lmr/m/n/10 (+20) Mark D. Ro-bin-son, Da-vis J. Mc-Carthy,
 []


Overfull \hbox (29.9564pt too wide) in paragraph at lines 1003--1005
\T1/lmtt/m/n/10 https://doi.org/10.1093/bioinformatics/btp616 
 []


Overfull \hbox (19.45644pt too wide) in paragraph at lines 1013--1015
\T1/lmtt/m/n/10 http://www.knowledgeviz.com/pdf/UKC2009.pdf 
 []


Underfull \hbox (badness 4060) in paragraph at lines 1017--1019
[]\T1/lmr/m/n/10 (+20) Universidad de Gra-na-da: Com-pa-ra-ci-o-nes
 []


Overfull \hbox (42.7217pt too wide) in paragraph at lines 1017--1019
\T1/lmtt/m/n/10 http://wpd.ugr.es/$\OMS/lmsy/m/n/10 ^^X$\T1/lmtt/m/n/10 bioesta
d/guia-spss/practica7 
 []


Overfull \hbox (32.48422pt too wide) in paragraph at lines 1025--1027
\T1/lmtt/m/n/10 http://www.ugr.es/$\OMS/lmsy/m/n/10 ^^X$\T1/lmtt/m/n/10 gallard
o/pdf/cluster-3.pdf 
 []


Underfull \hbox (badness 10000) in paragraph at lines 1033--1035
\T1/lmtt/m/n/10 https://www.ncbi.nlm.nih.gov/pubmed/\T1/lmr/m/n/10 (+20) .
 []

[25


]
Underfull \hbox (badness 10000) in paragraph at lines 1061--1079

 []


Overfull \hbox (18.15161pt too wide) in alignment at lines 1094--1094
[][][][][][] 
 []

<dendrograma.png, id=426, 459.96844pt x 495.35063pt>
File: dendrograma.png Graphic file (type png)
 <use dendrograma.png>
Package pdftex.def Info: dendrograma.png used on input line 1100.
(pdftex.def)             Requested size: 183.98412pt x 198.13673pt.


Package caption Warning: The option `hypcap=true' will be ignored for this
(caption)                particular \caption on input line 1101.
See the caption package documentation for explanation.

<genes.png, id=427, 699.61375pt x 732.7375pt>
File: genes.png Graphic file (type png)
 <use genes.png>
Package pdftex.def Info: genes.png used on input line 1106.
(pdftex.def)             Requested size: 489.72629pt x 512.91277pt.


Package caption Warning: The option `hypcap=true' will be ignored for this
(caption)                particular \caption on input line 1107.
See the caption package documentation for explanation.


Overfull \hbox (6.02945pt too wide) in paragraph at lines 1106--1107
 [] 
 []

[26



 <./dendrograma.png>] [27 <./genes.png>]
Package hyperref Info: bookmark level for unknown lstlisting defaults to 0 on i
nput line 1112.
 (./output.txt
Underfull \hbox (badness 10000) in paragraph at lines 10--11
[][][][][][][][][][][][][][][][][][][][][][][][][][][][][]
 []


Underfull \hbox (badness 10000) in paragraph at lines 11--12
[][][][][][][][][][][][][][][][][][][][][][][][][][][][][]
 []


Underfull \hbox (badness 10000) in paragraph at lines 18--19
[][][][][][][][][][][][][][][][][][][][][][][]
 []


Underfull \hbox (badness 10000) in paragraph at lines 19--20
[][][][][][][][][][][][][][][][][][][][][][][][][]
 []


Underfull \hbox (badness 10000) in paragraph at lines 20--21
[][][][][][][][][][][][][][][][][][][][][][][][]
 []


Underfull \hbox (badness 10000) in paragraph at lines 21--22
[][][][][][][][][][][][][][][][][][][][][][][][]
 []


Underfull \hbox (badness 10000) in paragraph at lines 25--26
[][][][][][][][][][][][][][][][][][][][][][][][][]
 []


Underfull \hbox (badness 10000) in paragraph at lines 26--27
[][][][][][][][][][][][][][][][][][][][][][][][][]
 []


Underfull \hbox (badness 10000) in paragraph at lines 27--28
[][][][][][][][][][][][][][][][][][][][][][][][]
 []


Underfull \hbox (badness 10000) in paragraph at lines 28--29
[][][][][][][][][][][][][][][][][][][][][][][][]
 []


Underfull \hbox (badness 10000) in paragraph at lines 29--30
[][][][][][][][][][][][][][][][][][][][][][][][]
 []


Underfull \hbox (badness 10000) in paragraph at lines 30--31
[][][][][][][][][][][][][][][][][][][][][][][][]
 []


Underfull \hbox (badness 10000) in paragraph at lines 31--32
[][][][][][][][][][][][][][][][][][][][][][][][]
 []


Underfull \hbox (badness 10000) in paragraph at lines 32--33
[][][][][][][][][][][][][][][][][][][][][][]
 []


Underfull \hbox (badness 10000) in paragraph at lines 33--34
[][][][][][][][][][][][][][][][][][][][][][][][]
 []


Underfull \hbox (badness 10000) in paragraph at lines 34--35
[][][][][][][][][][][][][][][][][][][][][][][][]
 []


Underfull \hbox (badness 10000) in paragraph at lines 35--36
[][][][][][][][][][][][][][][][][][][][][][][][]
 []


Underfull \hbox (badness 10000) in paragraph at lines 36--37
[][][][][][][][][][][][][][][][][][][][][][][][]
 []


Underfull \hbox (badness 10000) in paragraph at lines 37--38
[][][][][][][][][][][][][][][][][][][][][][][][]
 []


Underfull \hbox (badness 10000) in paragraph at lines 38--39
[][][][][][][][][][][][][][][][][][][][][][][][]
 []

)
Package atveryend Info: Empty hook `BeforeClearDocument' on input line 1113.
 [28

]
Package atveryend Info: Empty hook `AfterLastShipout' on input line 1113.
 (./Memoria.aux)
Package atveryend Info: Executing hook `AtVeryEndDocument' on input line 1113.
Package atveryend Info: Executing hook `AtEndAfterFileList' on input line 1113.

Package rerunfilecheck Info: File `Memoria.out' has not changed.
(rerunfilecheck)             Checksum: 40AF4661900D91934835A7B22FD5FDCD;2814.
Package atveryend Info: Empty hook `AtVeryVeryEnd' on input line 1113.
 ) 
Here is how much of TeX's memory you used:
 13126 strings out of 493029
 191464 string characters out of 6136235
 385966 words of memory out of 5000000
 15985 multiletter control sequences out of 15000+600000
 102510 words of font info for 193 fonts, out of 8000000 for 9000
 1141 hyphenation exceptions out of 8191
 40i,12n,47p,1217b,1146s stack positions out of 5000i,500n,10000p,200000b,80000s
{/usr/share/texmf/fonts/enc/dvips/lm/lm-mathsy.enc}{/usr/share/texmf/fonts/en
c/dvips/lm/lm-rm.enc}{/usr/share/texmf/fonts/enc/dvips/lm/lm-mathit.enc}{/usr/s
hare/texmf/fonts/enc/dvips/lm/lm-ec.enc}{/usr/share/texmf/fonts/enc/dvips/lm/lm
-mathex.enc}</usr/share/texmf/fonts/type1/public/lm/lmbx10.pfb></usr/share/texm
f/fonts/type1/public/lm/lmbx12.pfb></usr/share/texmf/fonts/type1/public/lm/lmbx
8.pfb></usr/share/texmf/fonts/type1/public/lm/lmbxi10.pfb></usr/share/texmf/fon
ts/type1/public/lm/lmcsc10.pfb></usr/share/texmf/fonts/type1/public/lm/lmex10.p
fb></usr/share/texmf/fonts/type1/public/lm/lmmi10.pfb></usr/share/texmf/fonts/t
ype1/public/lm/lmmi5.pfb></usr/share/texmf/fonts/type1/public/lm/lmmi6.pfb></us
r/share/texmf/fonts/type1/public/lm/lmmi7.pfb></usr/share/texmf/fonts/type1/pub
lic/lm/lmmi8.pfb></usr/share/texmf/fonts/type1/public/lm/lmr10.pfb></usr/share/
texmf/fonts/type1/public/lm/lmr12.pfb></usr/share/texmf/fonts/type1/public/lm/l
mr5.pfb></usr/share/texmf/fonts/type1/public/lm/lmr6.pfb></usr/share/texmf/font
s/type1/public/lm/lmr7.pfb></usr/share/texmf/fonts/type1/public/lm/lmr8.pfb></u
sr/share/texmf/fonts/type1/public/lm/lmr9.pfb></usr/share/texmf/fonts/type1/pub
lic/lm/lmri10.pfb></usr/share/texmf/fonts/type1/public/lm/lmri8.pfb></usr/share
/texmf/fonts/type1/public/lm/lmsy10.pfb></usr/share/texmf/fonts/type1/public/lm
/lmsy6.pfb></usr/share/texmf/fonts/type1/public/lm/lmsy7.pfb></usr/share/texmf/
fonts/type1/public/lm/lmsy8.pfb></usr/share/texmf/fonts/type1/public/lm/lmtk10.
pfb></usr/share/texmf/fonts/type1/public/lm/lmtt10.pfb></usr/share/texmf/fonts/
type1/public/lm/lmtt8.pfb></usr/share/texmf/fonts/type1/public/lm/lmtti10.pfb>
Output written on Memoria.pdf (28 pages, 1395304 bytes).
PDF statistics:
 626 PDF objects out of 1000 (max. 8388607)
 537 compressed objects within 6 object streams
 177 named destinations out of 1000 (max. 500000)
 31623 words of extra memory for PDF output out of 35830 (max. 10000000)

